0 info it worked if it ends with ok
1 verbose cli [ '/usr/local/Cellar/node/7.4.0/bin/node',
1 verbose cli   '/usr/local/bin/npm',
1 verbose cli   'install',
1 verbose cli   'HTML-CSS-JS',
1 verbose cli   'Prettify' ]
2 info using npm@4.0.5
3 info using node@v7.4.0
4 silly loadCurrentTree Starting
5 silly install loadCurrentTree
6 silly install readLocalPackageData
7 silly fetchPackageMetaData HTML-CSS-JS
8 silly fetchPackageMetaData Prettify
9 silly fetchNamedPackageData HTML-CSS-JS
10 silly mapToRegistry name HTML-CSS-JS
11 silly mapToRegistry using default registry
12 silly mapToRegistry registry https://registry.npmjs.org/
13 silly mapToRegistry data Result {
13 silly mapToRegistry   raw: 'HTML-CSS-JS',
13 silly mapToRegistry   scope: null,
13 silly mapToRegistry   escapedName: 'HTML-CSS-JS',
13 silly mapToRegistry   name: 'HTML-CSS-JS',
13 silly mapToRegistry   rawSpec: '',
13 silly mapToRegistry   spec: 'latest',
13 silly mapToRegistry   type: 'tag' }
14 silly mapToRegistry uri https://registry.npmjs.org/HTML-CSS-JS
15 silly fetchNamedPackageData Prettify
16 silly mapToRegistry name Prettify
17 silly mapToRegistry using default registry
18 silly mapToRegistry registry https://registry.npmjs.org/
19 silly mapToRegistry data Result {
19 silly mapToRegistry   raw: 'Prettify',
19 silly mapToRegistry   scope: null,
19 silly mapToRegistry   escapedName: 'Prettify',
19 silly mapToRegistry   name: 'Prettify',
19 silly mapToRegistry   rawSpec: '',
19 silly mapToRegistry   spec: 'latest',
19 silly mapToRegistry   type: 'tag' }
20 silly mapToRegistry uri https://registry.npmjs.org/Prettify
21 verbose request uri https://registry.npmjs.org/HTML-CSS-JS
22 verbose request no auth needed
23 info attempt registry request try #1 at 3:42:46 PM
24 verbose request id 4f838b54033df834
25 http request GET https://registry.npmjs.org/HTML-CSS-JS
26 verbose request uri https://registry.npmjs.org/Prettify
27 verbose request no auth needed
28 info attempt registry request try #1 at 3:42:46 PM
29 http request GET https://registry.npmjs.org/Prettify
30 http 404 https://registry.npmjs.org/HTML-CSS-JS
31 verbose headers { 'content-type': 'application/json',
31 verbose headers   'cache-control': 'max-age=0',
31 verbose headers   'content-length': '2',
31 verbose headers   'accept-ranges': 'bytes',
31 verbose headers   date: 'Mon, 30 Jan 2017 14:42:47 GMT',
31 verbose headers   via: '1.1 varnish',
31 verbose headers   age: '0',
31 verbose headers   connection: 'keep-alive',
31 verbose headers   'x-served-by': 'cache-ams4142-AMS',
31 verbose headers   'x-cache': 'MISS',
31 verbose headers   'x-cache-hits': '0',
31 verbose headers   'x-timer': 'S1485787367.003528,VS0,VE381',
31 verbose headers   vary: 'Accept-Encoding' }
32 silly get cb [ 404,
32 silly get   { 'content-type': 'application/json',
32 silly get     'cache-control': 'max-age=0',
32 silly get     'content-length': '2',
32 silly get     'accept-ranges': 'bytes',
32 silly get     date: 'Mon, 30 Jan 2017 14:42:47 GMT',
32 silly get     via: '1.1 varnish',
32 silly get     age: '0',
32 silly get     connection: 'keep-alive',
32 silly get     'x-served-by': 'cache-ams4142-AMS',
32 silly get     'x-cache': 'MISS',
32 silly get     'x-cache-hits': '0',
32 silly get     'x-timer': 'S1485787367.003528,VS0,VE381',
32 silly get     vary: 'Accept-Encoding' } ]
33 silly fetchPackageMetaData Error: Registry returned 404 for GET on https://registry.npmjs.org/HTML-CSS-JS
33 silly fetchPackageMetaData     at makeError (/usr/local/lib/node_modules/npm/node_modules/npm-registry-client/lib/request.js:302:12)
33 silly fetchPackageMetaData     at CachingRegistryClient.<anonymous> (/usr/local/lib/node_modules/npm/node_modules/npm-registry-client/lib/request.js:280:14)
33 silly fetchPackageMetaData     at Request._callback (/usr/local/lib/node_modules/npm/node_modules/npm-registry-client/lib/request.js:210:14)
33 silly fetchPackageMetaData     at Request.self.callback (/usr/local/lib/node_modules/npm/node_modules/request/request.js:186:22)
33 silly fetchPackageMetaData     at emitTwo (events.js:106:13)
33 silly fetchPackageMetaData     at Request.emit (events.js:191:7)
33 silly fetchPackageMetaData     at Request.<anonymous> (/usr/local/lib/node_modules/npm/node_modules/request/request.js:1081:10)
33 silly fetchPackageMetaData     at emitOne (events.js:96:13)
33 silly fetchPackageMetaData     at Request.emit (events.js:188:7)
33 silly fetchPackageMetaData     at IncomingMessage.<anonymous> (/usr/local/lib/node_modules/npm/node_modules/request/request.js:1001:12)
33 silly fetchPackageMetaData  error for HTML-CSS-JS { Error: Registry returned 404 for GET on https://registry.npmjs.org/HTML-CSS-JS
33 silly fetchPackageMetaData     at makeError (/usr/local/lib/node_modules/npm/node_modules/npm-registry-client/lib/request.js:302:12)
33 silly fetchPackageMetaData     at CachingRegistryClient.<anonymous> (/usr/local/lib/node_modules/npm/node_modules/npm-registry-client/lib/request.js:280:14)
33 silly fetchPackageMetaData     at Request._callback (/usr/local/lib/node_modules/npm/node_modules/npm-registry-client/lib/request.js:210:14)
33 silly fetchPackageMetaData     at Request.self.callback (/usr/local/lib/node_modules/npm/node_modules/request/request.js:186:22)
33 silly fetchPackageMetaData     at emitTwo (events.js:106:13)
33 silly fetchPackageMetaData     at Request.emit (events.js:191:7)
33 silly fetchPackageMetaData     at Request.<anonymous> (/usr/local/lib/node_modules/npm/node_modules/request/request.js:1081:10)
33 silly fetchPackageMetaData     at emitOne (events.js:96:13)
33 silly fetchPackageMetaData     at Request.emit (events.js:188:7)
33 silly fetchPackageMetaData     at IncomingMessage.<anonymous> (/usr/local/lib/node_modules/npm/node_modules/request/request.js:1001:12) pkgid: 'HTML-CSS-JS', statusCode: 404, code: 'E404' }
34 http 404 https://registry.npmjs.org/Prettify
35 verbose headers { 'content-type': 'application/json',
35 verbose headers   'cache-control': 'max-age=0',
35 verbose headers   'content-length': '2',
35 verbose headers   'accept-ranges': 'bytes',
35 verbose headers   date: 'Mon, 30 Jan 2017 14:42:47 GMT',
35 verbose headers   via: '1.1 varnish',
35 verbose headers   age: '0',
35 verbose headers   connection: 'keep-alive',
35 verbose headers   'x-served-by': 'cache-ams4436-AMS',
35 verbose headers   'x-cache': 'MISS',
35 verbose headers   'x-cache-hits': '0',
35 verbose headers   'x-timer': 'S1485787366.987263,VS0,VE685',
35 verbose headers   vary: 'Accept-Encoding' }
36 silly get cb [ 404,
36 silly get   { 'content-type': 'application/json',
36 silly get     'cache-control': 'max-age=0',
36 silly get     'content-length': '2',
36 silly get     'accept-ranges': 'bytes',
36 silly get     date: 'Mon, 30 Jan 2017 14:42:47 GMT',
36 silly get     via: '1.1 varnish',
36 silly get     age: '0',
36 silly get     connection: 'keep-alive',
36 silly get     'x-served-by': 'cache-ams4436-AMS',
36 silly get     'x-cache': 'MISS',
36 silly get     'x-cache-hits': '0',
36 silly get     'x-timer': 'S1485787366.987263,VS0,VE685',
36 silly get     vary: 'Accept-Encoding' } ]
37 silly fetchPackageMetaData Error: Registry returned 404 for GET on https://registry.npmjs.org/Prettify
37 silly fetchPackageMetaData     at makeError (/usr/local/lib/node_modules/npm/node_modules/npm-registry-client/lib/request.js:302:12)
37 silly fetchPackageMetaData     at CachingRegistryClient.<anonymous> (/usr/local/lib/node_modules/npm/node_modules/npm-registry-client/lib/request.js:280:14)
37 silly fetchPackageMetaData     at Request._callback (/usr/local/lib/node_modules/npm/node_modules/npm-registry-client/lib/request.js:210:14)
37 silly fetchPackageMetaData     at Request.self.callback (/usr/local/lib/node_modules/npm/node_modules/request/request.js:186:22)
37 silly fetchPackageMetaData     at emitTwo (events.js:106:13)
37 silly fetchPackageMetaData     at Request.emit (events.js:191:7)
37 silly fetchPackageMetaData     at Request.<anonymous> (/usr/local/lib/node_modules/npm/node_modules/request/request.js:1081:10)
37 silly fetchPackageMetaData     at emitOne (events.js:96:13)
37 silly fetchPackageMetaData     at Request.emit (events.js:188:7)
37 silly fetchPackageMetaData     at IncomingMessage.<anonymous> (/usr/local/lib/node_modules/npm/node_modules/request/request.js:1001:12)
37 silly fetchPackageMetaData  error for Prettify { Error: Registry returned 404 for GET on https://registry.npmjs.org/Prettify
37 silly fetchPackageMetaData     at makeError (/usr/local/lib/node_modules/npm/node_modules/npm-registry-client/lib/request.js:302:12)
37 silly fetchPackageMetaData     at CachingRegistryClient.<anonymous> (/usr/local/lib/node_modules/npm/node_modules/npm-registry-client/lib/request.js:280:14)
37 silly fetchPackageMetaData     at Request._callback (/usr/local/lib/node_modules/npm/node_modules/npm-registry-client/lib/request.js:210:14)
37 silly fetchPackageMetaData     at Request.self.callback (/usr/local/lib/node_modules/npm/node_modules/request/request.js:186:22)
37 silly fetchPackageMetaData     at emitTwo (events.js:106:13)
37 silly fetchPackageMetaData     at Request.emit (events.js:191:7)
37 silly fetchPackageMetaData     at Request.<anonymous> (/usr/local/lib/node_modules/npm/node_modules/request/request.js:1081:10)
37 silly fetchPackageMetaData     at emitOne (events.js:96:13)
37 silly fetchPackageMetaData     at Request.emit (events.js:188:7)
37 silly fetchPackageMetaData     at IncomingMessage.<anonymous> (/usr/local/lib/node_modules/npm/node_modules/request/request.js:1001:12) pkgid: 'Prettify', statusCode: 404, code: 'E404' }
38 silly rollbackFailedOptional Starting
39 silly rollbackFailedOptional Finishing
40 silly runTopLevelLifecycles Finishing
41 silly install printInstalled
42 verbose stack Error: Registry returned 404 for GET on https://registry.npmjs.org/HTML-CSS-JS
42 verbose stack     at makeError (/usr/local/lib/node_modules/npm/node_modules/npm-registry-client/lib/request.js:302:12)
42 verbose stack     at CachingRegistryClient.<anonymous> (/usr/local/lib/node_modules/npm/node_modules/npm-registry-client/lib/request.js:280:14)
42 verbose stack     at Request._callback (/usr/local/lib/node_modules/npm/node_modules/npm-registry-client/lib/request.js:210:14)
42 verbose stack     at Request.self.callback (/usr/local/lib/node_modules/npm/node_modules/request/request.js:186:22)
42 verbose stack     at emitTwo (events.js:106:13)
42 verbose stack     at Request.emit (events.js:191:7)
42 verbose stack     at Request.<anonymous> (/usr/local/lib/node_modules/npm/node_modules/request/request.js:1081:10)
42 verbose stack     at emitOne (events.js:96:13)
42 verbose stack     at Request.emit (events.js:188:7)
42 verbose stack     at IncomingMessage.<anonymous> (/usr/local/lib/node_modules/npm/node_modules/request/request.js:1001:12)
43 verbose statusCode 404
44 verbose pkgid HTML-CSS-JS
45 verbose cwd /Users/Guille/Projects/React-For-Beginners-Starter-Files/catch-of-the-day/src/components
46 error Darwin 15.6.0
47 error argv "/usr/local/Cellar/node/7.4.0/bin/node" "/usr/local/bin/npm" "install" "HTML-CSS-JS" "Prettify"
48 error node v7.4.0
49 error npm  v4.0.5
50 error code E404
51 error 404 Registry returned 404 for GET on https://registry.npmjs.org/HTML-CSS-JS
52 error 404
53 error 404 'HTML-CSS-JS' is not in the npm registry.
54 error 404 Your package name is not valid, because
55 error 404 1. name can no longer contain capital letters
56 error 404 Note that you can also install from a
57 error 404 tarball, folder, http url, or git url.
58 verbose exit [ 1, true ]
